09-Dec-2018 12:11:38.314 SEVERE [main] org.apache.catalina.startup.Catalina.stopServer Could not contact [localhost:8005] (base port [8005] and offset [0]). Tomcat may not be running.
09-Dec-2018 12:27:53.257 INFO [main] org.apache.catalina.startup.VersionLoggerListener.log Server version:        Apache Tomcat/9.0.13
09-Dec-2018 12:27:53.257 INFO [main] org.apache.catalina.startup.VersionLoggerListener.log Server built:          Nov 2 2018 14:27:55 UTC
09-Dec-2018 12:27:53.257 INFO [main] org.apache.catalina.startup.VersionLoggerListener.log Server number:         9.0.13.0
09-Dec-2018 12:27:53.257 INFO [main] org.apache.catalina.startup.VersionLoggerListener.log OS Name:               Windows 10
09-Dec-2018 12:27:53.257 INFO [main] org.apache.catalina.startup.VersionLoggerListener.log OS Version:            10.0
09-Dec-2018 12:27:53.257 INFO [main] org.apache.catalina.startup.VersionLoggerListener.log Architecture:          amd64
09-Dec-2018 12:27:53.257 INFO [main] org.apache.catalina.startup.VersionLoggerListener.log Java Home:             C:\Program Files\Java\jdk1.8.0_171\jre
09-Dec-2018 12:27:53.257 INFO [main] org.apache.catalina.startup.VersionLoggerListener.log JVM Version:           1.8.0_171-b11
09-Dec-2018 12:27:53.257 INFO [main] org.apache.catalina.startup.VersionLoggerListener.log JVM Vendor:            Oracle Corporation
09-Dec-2018 12:27:53.257 INFO [main] org.apache.catalina.startup.VersionLoggerListener.log CATALINA_BASE:         D:\R-37\JavaServerSide\Build config404\tomcat
09-Dec-2018 12:27:53.257 INFO [main] org.apache.catalina.startup.VersionLoggerListener.log CATALINA_HOME:         D:\R-37\JavaServerSide\Build config404\tomcat
09-Dec-2018 12:27:53.257 INFO [main] org.apache.catalina.startup.VersionLoggerListener.log Command line argument: -Djava.util.logging.config.file=D:\R-37\JavaServerSide\Build config404\tomcat\conf\logging.properties
09-Dec-2018 12:27:53.257 INFO [main] org.apache.catalina.startup.VersionLoggerListener.log Command line argument: -Djava.util.logging.manager=org.apache.juli.ClassLoaderLogManager
09-Dec-2018 12:27:53.257 INFO [main] org.apache.catalina.startup.VersionLoggerListener.log Command line argument: -Djdk.tls.ephemeralDHKeySize=2048
09-Dec-2018 12:27:53.257 INFO [main] org.apache.catalina.startup.VersionLoggerListener.log Command line argument: -Djava.protocol.handler.pkgs=org.apache.catalina.webresources
09-Dec-2018 12:27:53.257 INFO [main] org.apache.catalina.startup.VersionLoggerListener.log Command line argument: -Dignore.endorsed.dirs=
09-Dec-2018 12:27:53.257 INFO [main] org.apache.catalina.startup.VersionLoggerListener.log Command line argument: -Dcatalina.base=D:\R-37\JavaServerSide\Build config404\tomcat
09-Dec-2018 12:27:53.257 INFO [main] org.apache.catalina.startup.VersionLoggerListener.log Command line argument: -Dcatalina.home=D:\R-37\JavaServerSide\Build config404\tomcat
09-Dec-2018 12:27:53.257 INFO [main] org.apache.catalina.startup.VersionLoggerListener.log Command line argument: -Djava.io.tmpdir=D:\R-37\JavaServerSide\Build config404\tomcat\temp
09-Dec-2018 12:27:53.257 INFO [main] org.apache.catalina.core.AprLifecycleListener.lifecycleEvent Loaded APR based Apache Tomcat Native library [1.2.18] using APR version [1.6.5].
09-Dec-2018 12:27:53.257 INFO [main] org.apache.catalina.core.AprLifecycleListener.lifecycleEvent APR capabilities: IPv6 [true], sendfile [true], accept filters [false], random [true].
09-Dec-2018 12:27:53.257 INFO [main] org.apache.catalina.core.AprLifecycleListener.lifecycleEvent APR/OpenSSL configuration: useAprConnector [false], useOpenSSL [true]
09-Dec-2018 12:27:53.273 INFO [main] org.apache.catalina.core.AprLifecycleListener.initializeSSL OpenSSL successfully initialized [OpenSSL 1.1.1  11 Sep 2018]
09-Dec-2018 12:27:53.835 INFO [main] org.apache.coyote.AbstractProtocol.init Initializing ProtocolHandler ["http-nio-8081"]
09-Dec-2018 12:27:53.991 INFO [main] org.apache.tomcat.util.net.NioSelectorPool.getSharedSelector Using a shared selector for servlet write/read
09-Dec-2018 12:27:54.022 INFO [main] org.apache.coyote.AbstractProtocol.init Initializing ProtocolHandler ["ajp-nio-8009"]
09-Dec-2018 12:27:54.038 INFO [main] org.apache.tomcat.util.net.NioSelectorPool.getSharedSelector Using a shared selector for servlet write/read
09-Dec-2018 12:27:54.038 SEVERE [main] org.apache.catalina.util.LifecycleBase.handleSubClassException Failed to initialize component [Connector[AJP/1.3-8009]]
 org.apache.catalina.LifecycleException: Protocol handler initialization failed
	at org.apache.catalina.connector.Connector.initInternal(Connector.java:976)
	at org.apache.catalina.util.LifecycleBase.init(LifecycleBase.java:136)
	at org.apache.catalina.core.StandardService.initInternal(StandardService.java:533)
	at org.apache.catalina.util.LifecycleBase.init(LifecycleBase.java:136)
	at org.apache.catalina.core.StandardServer.initInternal(StandardServer.java:883)
	at org.apache.catalina.util.LifecycleBase.init(LifecycleBase.java:136)
	at org.apache.catalina.startup.Catalina.load(Catalina.java:646)
	at org.apache.catalina.startup.Catalina.load(Catalina.java:669)
	at sun.reflect.NativeMethodAccessorImpl.invoke0(Native Method)
	at sun.reflect.NativeMethodAccessorImpl.invoke(NativeMethodAccessorImpl.java:62)
	at sun.reflect.DelegatingMethodAccessorImpl.invoke(DelegatingMethodAccessorImpl.java:43)
	at java.lang.reflect.Method.invoke(Method.java:498)
	at org.apache.catalina.startup.Bootstrap.load(Bootstrap.java:306)
	at org.apache.catalina.startup.Bootstrap.main(Bootstrap.java:491)
Caused by: java.net.BindException: Address already in use: bind
	at sun.nio.ch.Net.bind0(Native Method)
	at sun.nio.ch.Net.bind(Net.java:433)
	at sun.nio.ch.Net.bind(Net.java:425)
	at sun.nio.ch.ServerSocketChannelImpl.bind(ServerSocketChannelImpl.java:223)
	at sun.nio.ch.ServerSocketAdaptor.bind(ServerSocketAdaptor.java:74)
	at org.apache.tomcat.util.net.NioEndpoint.initServerSocket(NioEndpoint.java:236)
	at org.apache.tomcat.util.net.NioEndpoint.bind(NioEndpoint.java:210)
	at org.apache.tomcat.util.net.AbstractEndpoint.bindWithCleanup(AbstractEndpoint.java:1067)
	at org.apache.tomcat.util.net.AbstractEndpoint.init(AbstractEndpoint.java:1080)
	at org.apache.coyote.AbstractProtocol.init(AbstractProtocol.java:550)
	at org.apache.catalina.connector.Connector.initInternal(Connector.java:973)
	... 13 more

09-Dec-2018 12:27:54.038 INFO [main] org.apache.catalina.startup.Catalina.load Initialization processed in 1764 ms
09-Dec-2018 12:27:54.147 INFO [main] org.apache.catalina.core.StandardService.startInternal Starting service [Catalina]
09-Dec-2018 12:27:54.147 INFO [main] org.apache.catalina.core.StandardEngine.startInternal Starting Servlet Engine: Apache Tomcat/9.0.13
09-Dec-2018 12:27:54.241 INFO [main] org.apache.catalina.startup.HostConfig.deployWAR Deploying web application archive [D:\R-37\JavaServerSide\Build config404\tomcat\webapps\config404.war]
09-Dec-2018 12:27:54.897 INFO [main] org.apache.catalina.startup.HostConfig.deployWAR Deployment of web application archive [D:\R-37\JavaServerSide\Build config404\tomcat\webapps\config404.war] has finished in [656] ms
09-Dec-2018 12:27:54.897 INFO [main] org.apache.catalina.startup.HostConfig.deployDirectory Deploying web application directory [D:\R-37\JavaServerSide\Build config404\tomcat\webapps\docs]
09-Dec-2018 12:27:54.976 INFO [main] org.apache.catalina.startup.HostConfig.deployDirectory Deployment of web application directory [D:\R-37\JavaServerSide\Build config404\tomcat\webapps\docs] has finished in [79] ms
09-Dec-2018 12:27:54.976 INFO [main] org.apache.catalina.startup.HostConfig.deployDirectory Deploying web application directory [D:\R-37\JavaServerSide\Build config404\tomcat\webapps\examples]
09-Dec-2018 12:27:55.725 INFO [main] org.apache.catalina.startup.HostConfig.deployDirectory Deployment of web application directory [D:\R-37\JavaServerSide\Build config404\tomcat\webapps\examples] has finished in [749] ms
09-Dec-2018 12:27:55.725 INFO [main] org.apache.catalina.startup.HostConfig.deployDirectory Deploying web application directory [D:\R-37\JavaServerSide\Build config404\tomcat\webapps\host-manager]
09-Dec-2018 12:27:55.772 INFO [main] org.apache.catalina.startup.HostConfig.deployDirectory Deployment of web application directory [D:\R-37\JavaServerSide\Build config404\tomcat\webapps\host-manager] has finished in [47] ms
09-Dec-2018 12:27:55.772 INFO [main] org.apache.catalina.startup.HostConfig.deployDirectory Deploying web application directory [D:\R-37\JavaServerSide\Build config404\tomcat\webapps\manager]
09-Dec-2018 12:27:55.819 INFO [main] org.apache.catalina.startup.HostConfig.deployDirectory Deployment of web application directory [D:\R-37\JavaServerSide\Build config404\tomcat\webapps\manager] has finished in [47] ms
09-Dec-2018 12:27:55.819 INFO [main] org.apache.catalina.startup.HostConfig.deployDirectory Deploying web application directory [D:\R-37\JavaServerSide\Build config404\tomcat\webapps\ROOT]
09-Dec-2018 12:27:55.835 INFO [main] org.apache.catalina.startup.HostConfig.deployDirectory Deployment of web application directory [D:\R-37\JavaServerSide\Build config404\tomcat\webapps\ROOT] has finished in [16] ms
09-Dec-2018 12:27:55.850 INFO [main] org.apache.coyote.AbstractProtocol.start Starting ProtocolHandler ["http-nio-8081"]
09-Dec-2018 12:27:55.850 INFO [main] org.apache.catalina.startup.Catalina.start Server startup in 1820 ms
