04-Dec-2018 11:51:34.307 INFO [main] org.apache.catalina.startup.VersionLoggerListener.log Server version:        Apache Tomcat/9.0.13
04-Dec-2018 11:51:34.307 INFO [main] org.apache.catalina.startup.VersionLoggerListener.log Server built:          Nov 2 2018 14:27:55 UTC
04-Dec-2018 11:51:34.307 INFO [main] org.apache.catalina.startup.VersionLoggerListener.log Server number:         9.0.13.0
04-Dec-2018 11:51:34.307 INFO [main] org.apache.catalina.startup.VersionLoggerListener.log OS Name:               Windows 10
04-Dec-2018 11:51:34.307 INFO [main] org.apache.catalina.startup.VersionLoggerListener.log OS Version:            10.0
04-Dec-2018 11:51:34.307 INFO [main] org.apache.catalina.startup.VersionLoggerListener.log Architecture:          amd64
04-Dec-2018 11:51:34.307 INFO [main] org.apache.catalina.startup.VersionLoggerListener.log Java Home:             C:\Program Files\Java\jdk1.8.0_171\jre
04-Dec-2018 11:51:34.307 INFO [main] org.apache.catalina.startup.VersionLoggerListener.log JVM Version:           1.8.0_171-b11
04-Dec-2018 11:51:34.307 INFO [main] org.apache.catalina.startup.VersionLoggerListener.log JVM Vendor:            Oracle Corporation
04-Dec-2018 11:51:34.307 INFO [main] org.apache.catalina.startup.VersionLoggerListener.log CATALINA_BASE:         D:\R-37\JavaServerSide\tomcat
04-Dec-2018 11:51:34.307 INFO [main] org.apache.catalina.startup.VersionLoggerListener.log CATALINA_HOME:         D:\R-37\JavaServerSide\tomcat
04-Dec-2018 11:51:34.307 INFO [main] org.apache.catalina.startup.VersionLoggerListener.log Command line argument: -Djava.util.logging.config.file=D:\R-37\JavaServerSide\tomcat\conf\logging.properties
04-Dec-2018 11:51:34.307 INFO [main] org.apache.catalina.startup.VersionLoggerListener.log Command line argument: -Djava.util.logging.manager=org.apache.juli.ClassLoaderLogManager
04-Dec-2018 11:51:34.307 INFO [main] org.apache.catalina.startup.VersionLoggerListener.log Command line argument: -Djdk.tls.ephemeralDHKeySize=2048
04-Dec-2018 11:51:34.307 INFO [main] org.apache.catalina.startup.VersionLoggerListener.log Command line argument: -Djava.protocol.handler.pkgs=org.apache.catalina.webresources
04-Dec-2018 11:51:34.307 INFO [main] org.apache.catalina.startup.VersionLoggerListener.log Command line argument: -Dignore.endorsed.dirs=
04-Dec-2018 11:51:34.307 INFO [main] org.apache.catalina.startup.VersionLoggerListener.log Command line argument: -Dcatalina.base=D:\R-37\JavaServerSide\tomcat
04-Dec-2018 11:51:34.307 INFO [main] org.apache.catalina.startup.VersionLoggerListener.log Command line argument: -Dcatalina.home=D:\R-37\JavaServerSide\tomcat
04-Dec-2018 11:51:34.307 INFO [main] org.apache.catalina.startup.VersionLoggerListener.log Command line argument: -Djava.io.tmpdir=D:\R-37\JavaServerSide\tomcat\temp
04-Dec-2018 11:51:34.323 INFO [main] org.apache.catalina.core.AprLifecycleListener.lifecycleEvent Loaded APR based Apache Tomcat Native library [1.2.18] using APR version [1.6.5].
04-Dec-2018 11:51:34.323 INFO [main] org.apache.catalina.core.AprLifecycleListener.lifecycleEvent APR capabilities: IPv6 [true], sendfile [true], accept filters [false], random [true].
04-Dec-2018 11:51:34.323 INFO [main] org.apache.catalina.core.AprLifecycleListener.lifecycleEvent APR/OpenSSL configuration: useAprConnector [false], useOpenSSL [true]
04-Dec-2018 11:51:34.323 INFO [main] org.apache.catalina.core.AprLifecycleListener.initializeSSL OpenSSL successfully initialized [OpenSSL 1.1.1  11 Sep 2018]
04-Dec-2018 11:51:34.650 INFO [main] org.apache.coyote.AbstractProtocol.init Initializing ProtocolHandler ["http-nio-8081"]
04-Dec-2018 11:51:34.822 INFO [main] org.apache.tomcat.util.net.NioSelectorPool.getSharedSelector Using a shared selector for servlet write/read
04-Dec-2018 11:51:34.853 INFO [main] org.apache.coyote.AbstractProtocol.init Initializing ProtocolHandler ["ajp-nio-8009"]
04-Dec-2018 11:51:34.853 INFO [main] org.apache.tomcat.util.net.NioSelectorPool.getSharedSelector Using a shared selector for servlet write/read
04-Dec-2018 11:51:34.853 INFO [main] org.apache.catalina.startup.Catalina.load Initialization processed in 2364 ms
04-Dec-2018 11:51:35.025 INFO [main] org.apache.catalina.core.StandardService.startInternal Starting service [Catalina]
04-Dec-2018 11:51:35.025 INFO [main] org.apache.catalina.core.StandardEngine.startInternal Starting Servlet Engine: Apache Tomcat/9.0.13
04-Dec-2018 11:51:35.025 INFO [main] org.apache.catalina.startup.HostConfig.deployDirectory Deploying web application directory [D:\R-37\JavaServerSide\tomcat\webapps\docs]
04-Dec-2018 11:51:35.869 INFO [main] org.apache.catalina.startup.HostConfig.deployDirectory Deployment of web application directory [D:\R-37\JavaServerSide\tomcat\webapps\docs] has finished in [844] ms
04-Dec-2018 11:51:35.885 INFO [main] org.apache.catalina.startup.HostConfig.deployDirectory Deploying web application directory [D:\R-37\JavaServerSide\tomcat\webapps\examples]
04-Dec-2018 11:51:35.978 SEVERE [main] org.apache.catalina.startup.Catalina.stopServer Could not contact [localhost:8005] (base port [8005] and offset [0]). Tomcat may not be running.
04-Dec-2018 11:51:37.119 INFO [main] org.apache.catalina.startup.HostConfig.deployDirectory Deployment of web application directory [D:\R-37\JavaServerSide\tomcat\webapps\examples] has finished in [1,234] ms
04-Dec-2018 11:51:37.119 INFO [main] org.apache.catalina.startup.HostConfig.deployDirectory Deploying web application directory [D:\R-37\JavaServerSide\tomcat\webapps\host-manager]
04-Dec-2018 11:51:37.182 INFO [main] org.apache.catalina.startup.HostConfig.deployDirectory Deployment of web application directory [D:\R-37\JavaServerSide\tomcat\webapps\host-manager] has finished in [63] ms
04-Dec-2018 11:51:37.182 INFO [main] org.apache.catalina.startup.HostConfig.deployDirectory Deploying web application directory [D:\R-37\JavaServerSide\tomcat\webapps\manager]
04-Dec-2018 11:51:37.228 INFO [main] org.apache.catalina.startup.HostConfig.deployDirectory Deployment of web application directory [D:\R-37\JavaServerSide\tomcat\webapps\manager] has finished in [46] ms
04-Dec-2018 11:51:37.228 INFO [main] org.apache.catalina.startup.HostConfig.deployDirectory Deploying web application directory [D:\R-37\JavaServerSide\tomcat\webapps\ROOT]
04-Dec-2018 11:51:37.275 INFO [main] org.apache.catalina.startup.HostConfig.deployDirectory Deployment of web application directory [D:\R-37\JavaServerSide\tomcat\webapps\ROOT] has finished in [47] ms
04-Dec-2018 11:51:37.275 INFO [main] org.apache.coyote.AbstractProtocol.start Starting ProtocolHandler ["http-nio-8081"]
04-Dec-2018 11:51:37.291 INFO [main] org.apache.coyote.AbstractProtocol.start Starting ProtocolHandler ["ajp-nio-8009"]
04-Dec-2018 11:51:37.291 INFO [main] org.apache.catalina.startup.Catalina.start Server startup in 2435 ms
