13-Dec-2018 10:38:19.760 INFO [main] org.apache.catalina.startup.VersionLoggerListener.log Server version:        Apache Tomcat/9.0.13
13-Dec-2018 10:38:19.760 INFO [main] org.apache.catalina.startup.VersionLoggerListener.log Server built:          Nov 2 2018 14:27:55 UTC
13-Dec-2018 10:38:19.760 INFO [main] org.apache.catalina.startup.VersionLoggerListener.log Server number:         9.0.13.0
13-Dec-2018 10:38:19.760 INFO [main] org.apache.catalina.startup.VersionLoggerListener.log OS Name:               Windows 10
13-Dec-2018 10:38:19.760 INFO [main] org.apache.catalina.startup.VersionLoggerListener.log OS Version:            10.0
13-Dec-2018 10:38:19.760 INFO [main] org.apache.catalina.startup.VersionLoggerListener.log Architecture:          amd64
13-Dec-2018 10:38:19.760 INFO [main] org.apache.catalina.startup.VersionLoggerListener.log Java Home:             C:\Program Files\Java\jdk1.8.0_171\jre
13-Dec-2018 10:38:19.760 INFO [main] org.apache.catalina.startup.VersionLoggerListener.log JVM Version:           1.8.0_171-b11
13-Dec-2018 10:38:19.775 INFO [main] org.apache.catalina.startup.VersionLoggerListener.log JVM Vendor:            Oracle Corporation
13-Dec-2018 10:38:19.775 INFO [main] org.apache.catalina.startup.VersionLoggerListener.log CATALINA_BASE:         D:\R-37\JavaServerSide\tomcat
13-Dec-2018 10:38:19.775 INFO [main] org.apache.catalina.startup.VersionLoggerListener.log CATALINA_HOME:         D:\R-37\JavaServerSide\tomcat
13-Dec-2018 10:38:19.775 INFO [main] org.apache.catalina.startup.VersionLoggerListener.log Command line argument: -Djava.util.logging.config.file=D:\R-37\JavaServerSide\tomcat\conf\logging.properties
13-Dec-2018 10:38:19.775 INFO [main] org.apache.catalina.startup.VersionLoggerListener.log Command line argument: -Djava.util.logging.manager=org.apache.juli.ClassLoaderLogManager
13-Dec-2018 10:38:19.775 INFO [main] org.apache.catalina.startup.VersionLoggerListener.log Command line argument: -Djdk.tls.ephemeralDHKeySize=2048
13-Dec-2018 10:38:19.775 INFO [main] org.apache.catalina.startup.VersionLoggerListener.log Command line argument: -Djava.protocol.handler.pkgs=org.apache.catalina.webresources
13-Dec-2018 10:38:19.775 INFO [main] org.apache.catalina.startup.VersionLoggerListener.log Command line argument: -Dignore.endorsed.dirs=
13-Dec-2018 10:38:19.775 INFO [main] org.apache.catalina.startup.VersionLoggerListener.log Command line argument: -Dcatalina.base=D:\R-37\JavaServerSide\tomcat
13-Dec-2018 10:38:19.775 INFO [main] org.apache.catalina.startup.VersionLoggerListener.log Command line argument: -Dcatalina.home=D:\R-37\JavaServerSide\tomcat
13-Dec-2018 10:38:19.775 INFO [main] org.apache.catalina.startup.VersionLoggerListener.log Command line argument: -Djava.io.tmpdir=D:\R-37\JavaServerSide\tomcat\temp
13-Dec-2018 10:38:19.775 INFO [main] org.apache.catalina.core.AprLifecycleListener.lifecycleEvent Loaded APR based Apache Tomcat Native library [1.2.18] using APR version [1.6.5].
13-Dec-2018 10:38:19.775 INFO [main] org.apache.catalina.core.AprLifecycleListener.lifecycleEvent APR capabilities: IPv6 [true], sendfile [true], accept filters [false], random [true].
13-Dec-2018 10:38:19.775 INFO [main] org.apache.catalina.core.AprLifecycleListener.lifecycleEvent APR/OpenSSL configuration: useAprConnector [false], useOpenSSL [true]
13-Dec-2018 10:38:19.791 INFO [main] org.apache.catalina.core.AprLifecycleListener.initializeSSL OpenSSL successfully initialized [OpenSSL 1.1.1  11 Sep 2018]
13-Dec-2018 10:38:20.041 INFO [main] org.apache.coyote.AbstractProtocol.init Initializing ProtocolHandler ["http-nio-8081"]
13-Dec-2018 10:38:20.182 INFO [main] org.apache.tomcat.util.net.NioSelectorPool.getSharedSelector Using a shared selector for servlet write/read
13-Dec-2018 10:38:20.244 INFO [main] org.apache.coyote.AbstractProtocol.init Initializing ProtocolHandler ["ajp-nio-8009"]
13-Dec-2018 10:38:20.244 INFO [main] org.apache.tomcat.util.net.NioSelectorPool.getSharedSelector Using a shared selector for servlet write/read
13-Dec-2018 10:38:20.244 INFO [main] org.apache.catalina.startup.Catalina.load Initialization processed in 1475 ms
13-Dec-2018 10:38:20.338 INFO [main] org.apache.catalina.core.StandardService.startInternal Starting service [Catalina]
13-Dec-2018 10:38:20.338 INFO [main] org.apache.catalina.core.StandardEngine.startInternal Starting Servlet Engine: Apache Tomcat/9.0.13
13-Dec-2018 10:38:20.353 INFO [main] org.apache.catalina.startup.HostConfig.deployDirectory Deploying web application directory [D:\R-37\JavaServerSide\tomcat\webapps\docs]
13-Dec-2018 10:38:20.838 INFO [main] org.apache.catalina.startup.HostConfig.deployDirectory Deployment of web application directory [D:\R-37\JavaServerSide\tomcat\webapps\docs] has finished in [485] ms
13-Dec-2018 10:38:20.838 INFO [main] org.apache.catalina.startup.HostConfig.deployDirectory Deploying web application directory [D:\R-37\JavaServerSide\tomcat\webapps\examples]
13-Dec-2018 10:38:22.463 INFO [main] org.apache.catalina.startup.HostConfig.deployDirectory Deployment of web application directory [D:\R-37\JavaServerSide\tomcat\webapps\examples] has finished in [1,625] ms
13-Dec-2018 10:38:22.463 INFO [main] org.apache.catalina.startup.HostConfig.deployDirectory Deploying web application directory [D:\R-37\JavaServerSide\tomcat\webapps\host-manager]
13-Dec-2018 10:38:22.557 INFO [main] org.apache.catalina.startup.HostConfig.deployDirectory Deployment of web application directory [D:\R-37\JavaServerSide\tomcat\webapps\host-manager] has finished in [94] ms
13-Dec-2018 10:38:22.557 INFO [main] org.apache.catalina.startup.HostConfig.deployDirectory Deploying web application directory [D:\R-37\JavaServerSide\tomcat\webapps\manager]
13-Dec-2018 10:38:22.635 INFO [main] org.apache.catalina.startup.HostConfig.deployDirectory Deployment of web application directory [D:\R-37\JavaServerSide\tomcat\webapps\manager] has finished in [78] ms
13-Dec-2018 10:38:22.635 INFO [main] org.apache.catalina.startup.HostConfig.deployDirectory Deploying web application directory [D:\R-37\JavaServerSide\tomcat\webapps\ROOT]
13-Dec-2018 10:38:22.666 INFO [main] org.apache.catalina.startup.HostConfig.deployDirectory Deployment of web application directory [D:\R-37\JavaServerSide\tomcat\webapps\ROOT] has finished in [31] ms
13-Dec-2018 10:38:22.666 INFO [main] org.apache.coyote.AbstractProtocol.start Starting ProtocolHandler ["http-nio-8081"]
13-Dec-2018 10:38:22.682 INFO [main] org.apache.coyote.AbstractProtocol.start Starting ProtocolHandler ["ajp-nio-8009"]
13-Dec-2018 10:38:22.697 INFO [main] org.apache.catalina.startup.Catalina.start Server startup in 2448 ms
13-Dec-2018 10:38:43.868 INFO [main] org.apache.catalina.core.StandardServer.await A valid shutdown command was received via the shutdown port. Stopping the Server instance.
13-Dec-2018 10:38:43.868 INFO [main] org.apache.coyote.AbstractProtocol.pause Pausing ProtocolHandler ["http-nio-8081"]
13-Dec-2018 10:38:43.963 INFO [main] org.apache.coyote.AbstractProtocol.pause Pausing ProtocolHandler ["ajp-nio-8009"]
13-Dec-2018 10:38:44.004 INFO [main] org.apache.catalina.core.StandardService.stopInternal Stopping service [Catalina]
13-Dec-2018 10:38:44.035 INFO [main] org.apache.coyote.AbstractProtocol.stop Stopping ProtocolHandler ["http-nio-8081"]
13-Dec-2018 10:38:44.035 INFO [main] org.apache.coyote.AbstractProtocol.stop Stopping ProtocolHandler ["ajp-nio-8009"]
13-Dec-2018 10:38:44.051 INFO [main] org.apache.coyote.AbstractProtocol.destroy Destroying ProtocolHandler ["http-nio-8081"]
13-Dec-2018 10:38:44.051 INFO [main] org.apache.coyote.AbstractProtocol.destroy Destroying ProtocolHandler ["ajp-nio-8009"]
